<?xml version="1.0" encoding="UTF-8"?>
<testng-results ignored="2" total="7" passed="4" failed="1" skipped="0">
  <reporter-output>
  </reporter-output>
  <suite started-at="2022-12-23T14:42:54 IST" name="Suite" finished-at="2022-12-23T14:42:58 IST" duration-ms="4536">
    <groups>
    </groups>
    <test started-at="2022-12-23T14:42:54 IST" name="Signup" finished-at="2022-12-23T14:42:55 IST" duration-ms="991">
      <class name="com.End2End.Test_Regression.Signup">
        <test-method signature="Navigate_nextPage()[pri:1, instance:com.End2End.Test_Regression.Signup@4ebff610]" started-at="2022-12-23T14:42:54 IST" name="Navigate_nextPage" finished-at="2022-12-23T14:42:54 IST" duration-ms="192" status="PASS">
          <reporter-output>
          </reporter-output>
        </test-method> <!-- Navigate_nextPage -->
        <test-method signature="MissingField_validation()[pri:2, instance:com.End2End.Test_Regression.Signup@4ebff610]" started-at="2022-12-23T14:42:54 IST" name="MissingField_validation" finished-at="2022-12-23T14:42:54 IST" duration-ms="149" status="FAIL">
          <exception class="org.openqa.selenium.InvalidSelectorException">
            <message>
              <![CDATA[invalid selector: Unable to locate an element with the xpath expression  because of the following error:
SyntaxError: Failed to execute 'evaluate' on 'Document': The string '' is not a valid XPath expression.
  (Session info: chrome=108.0.5359.125)
For documentation on this error, please visit: https://selenium.dev/exceptions/#invalid_selector_exception
Build info: version: '4.1.2', revision: '9a5a329c5a'
System info: host: 'DESKTOP-ITSQRSV', ip: '192.168.2.130', os.name: 'Windows 10', os.arch: 'amd64', os.version: '10.0', java.version: '17.0.5'
Driver info: org.openqa.selenium.chrome.ChromeDriver
Command: [50e10b779989dc3d339f0e7f52f68e1d, findElements {using=xpath, value=}]
Capabilities {acceptInsecureCerts: false, browserName: chrome, browserVersion: 108.0.5359.125, chrome: {chromedriverVersion: 108.0.5359.71 (1e0e3868ee06..., userDataDir: C:\Users\RAHULK~1\AppData\L...}, goog:chromeOptions: {debuggerAddress: localhost:54488}, javascriptEnabled: true, networkConnectionEnabled: false, pageLoadStrategy: normal, platform: WINDOWS, platformName: WINDOWS, proxy: Proxy(), se:cdp: ws://localhost:54488/devtoo..., se:cdpVersion: 108.0.5359.125, setWindowRect: true, strictFileInteractability: false, timeouts: {implicit: 0, pageLoad: 300000, script: 30000}, unhandledPromptBehavior: dismiss and notify, webauthn:extension:credBlob: true, webauthn:extension:largeBlob: true, webauthn:virtualAuthenticators: true}
Session ID: 50e10b779989dc3d339f0e7f52f68e1d]]>
            </message>
            <full-stacktrace>
              <![CDATA[org.openqa.selenium.InvalidSelectorException: invalid selector: Unable to locate an element with the xpath expression  because of the following error:
SyntaxError: Failed to execute 'evaluate' on 'Document': The string '' is not a valid XPath expression.
  (Session info: chrome=108.0.5359.125)
For documentation on this error, please visit: https://selenium.dev/exceptions/#invalid_selector_exception
Build info: version: '4.1.2', revision: '9a5a329c5a'
System info: host: 'DESKTOP-ITSQRSV', ip: '192.168.2.130', os.name: 'Windows 10', os.arch: 'amd64', os.version: '10.0', java.version: '17.0.5'
Driver info: org.openqa.selenium.chrome.ChromeDriver
Command: [50e10b779989dc3d339f0e7f52f68e1d, findElements {using=xpath, value=}]
Capabilities {acceptInsecureCerts: false, browserName: chrome, browserVersion: 108.0.5359.125, chrome: {chromedriverVersion: 108.0.5359.71 (1e0e3868ee06..., userDataDir: C:\Users\RAHULK~1\AppData\L...}, goog:chromeOptions: {debuggerAddress: localhost:54488}, javascriptEnabled: true, networkConnectionEnabled: false, pageLoadStrategy: normal, platform: WINDOWS, platformName: WINDOWS, proxy: Proxy(), se:cdp: ws://localhost:54488/devtoo..., se:cdpVersion: 108.0.5359.125, setWindowRect: true, strictFileInteractability: false, timeouts: {implicit: 0, pageLoad: 300000, script: 30000}, unhandledPromptBehavior: dismiss and notify, webauthn:extension:credBlob: true, webauthn:extension:largeBlob: true, webauthn:virtualAuthenticators: true}
Session ID: 50e10b779989dc3d339f0e7f52f68e1d
at java.base/jdk.internal.reflect.NativeConstructorAccessorImpl.newInstance0(Native Method)
at java.base/jdk.internal.reflect.NativeConstructorAccessorImpl.newInstance(NativeConstructorAccessorImpl.java:77)
at java.base/jdk.internal.reflect.DelegatingConstructorAccessorImpl.newInstance(DelegatingConstructorAccessorImpl.java:45)
at java.base/java.lang.reflect.Constructor.newInstanceWithCaller(Constructor.java:499)
at java.base/java.lang.reflect.Constructor.newInstance(Constructor.java:480)
at org.openqa.selenium.remote.codec.w3c.W3CHttpResponseCodec.createException(W3CHttpResponseCodec.java:200)
at org.openqa.selenium.remote.codec.w3c.W3CHttpResponseCodec.decode(W3CHttpResponseCodec.java:133)
at org.openqa.selenium.remote.codec.w3c.W3CHttpResponseCodec.decode(W3CHttpResponseCodec.java:53)
at org.openqa.selenium.remote.HttpCommandExecutor.execute(HttpCommandExecutor.java:184)
at org.openqa.selenium.remote.service.DriverCommandExecutor.invokeExecute(DriverCommandExecutor.java:167)
at org.openqa.selenium.remote.service.DriverCommandExecutor.execute(DriverCommandExecutor.java:142)
at org.openqa.selenium.remote.RemoteWebDriver.execute(RemoteWebDriver.java:558)
at org.openqa.selenium.remote.ElementLocation$ElementFinder$2.findElements(ElementLocation.java:179)
at org.openqa.selenium.remote.ElementLocation.findElements(ElementLocation.java:102)
at org.openqa.selenium.remote.RemoteWebDriver.findElements(RemoteWebDriver.java:397)
at org.openqa.selenium.remote.RemoteWebDriver.findElements(RemoteWebDriver.java:389)
at com.End2End.PagesObjects.Signup_Objectpage.validate_nextbutton(Signup_Objectpage.java:34)
at com.End2End.Test_Regression.Signup.MissingField_validation(Signup.java:19)
at java.base/jdk.internal.reflect.NativeMethodAccessorImpl.invoke0(Native Method)
at java.base/jdk.internal.reflect.NativeMethodAccessorImpl.invoke(NativeMethodAccessorImpl.java:77)
at java.base/jdk.internal.reflect.DelegatingMethodAccessorImpl.invoke(DelegatingMethodAccessorImpl.java:43)
at java.base/java.lang.reflect.Method.invoke(Method.java:568)
at org.testng.internal.invokers.MethodInvocationHelper.invokeMethod(MethodInvocationHelper.java:139)
at org.testng.internal.invokers.TestInvoker.invokeMethod(TestInvoker.java:677)
at org.testng.internal.invokers.TestInvoker.invokeTestMethod(TestInvoker.java:221)
at org.testng.internal.invokers.MethodRunner.runInSequence(MethodRunner.java:50)
at org.testng.internal.invokers.TestInvoker$MethodInvocationAgent.invoke(TestInvoker.java:962)
at org.testng.internal.invokers.TestInvoker.invokeTestMethods(TestInvoker.java:194)
at org.testng.internal.invokers.TestMethodWorker.invokeTestMethods(TestMethodWorker.java:148)
at org.testng.internal.invokers.TestMethodWorker.run(TestMethodWorker.java:128)
at java.base/java.util.ArrayList.forEach(ArrayList.java:1511)
at org.testng.TestRunner.privateRun(TestRunner.java:806)
at org.testng.TestRunner.run(TestRunner.java:601)
at org.testng.SuiteRunner.runTest(SuiteRunner.java:433)
at org.testng.SuiteRunner.runSequentially(SuiteRunner.java:427)
at org.testng.SuiteRunner.privateRun(SuiteRunner.java:387)
at org.testng.SuiteRunner.run(SuiteRunner.java:330)
at org.testng.SuiteRunnerWorker.runSuite(SuiteRunnerWorker.java:52)
at org.testng.SuiteRunnerWorker.run(SuiteRunnerWorker.java:95)
at org.testng.TestNG.runSuitesSequentially(TestNG.java:1256)
at org.testng.TestNG.runSuitesLocally(TestNG.java:1176)
at org.testng.TestNG.runSuites(TestNG.java:1099)
at org.testng.TestNG.run(TestNG.java:1067)
at org.testng.remote.AbstractRemoteTestNG.run(AbstractRemoteTestNG.java:115)
at org.testng.remote.RemoteTestNG.initAndRun(RemoteTestNG.java:251)
at org.testng.remote.RemoteTestNG.main(RemoteTestNG.java:77)
]]>
            </full-stacktrace>
          </exception> <!-- org.openqa.selenium.InvalidSelectorException -->
          <reporter-output>
          </reporter-output>
        </test-method> <!-- MissingField_validation -->
      </class> <!-- com.End2End.Test_Regression.Signup -->
    </test> <!-- Signup -->
    <test started-at="2022-12-23T14:42:55 IST" name="login" finished-at="2022-12-23T14:42:58 IST" duration-ms="3519">
      <class name="com.End2End.Test_Regression.LoginPage">
        <test-method is-config="true" signature="initializeDriver(java.lang.String)[pri:0, instance:com.End2End.Test_Regression.LoginPage@b4711e2]" started-at="2022-12-23T14:42:50 IST" name="initializeDriver" description="initializing Driver" finished-at="2022-12-23T14:42:54 IST" duration-ms="3416" status="PASS">
          <params>
            <param index="0">
              <value>
                <![CDATA[stage]]>
              </value>
            </param>
          </params>
          <reporter-output>
          </reporter-output>
        </test-method> <!-- initializeDriver -->
        <test-method signature="missing_loginDetails()[pri:5, instance:com.End2End.Test_Regression.LoginPage@b4711e2]" started-at="2022-12-23T14:42:55 IST" name="missing_loginDetails" finished-at="2022-12-23T14:42:56 IST" duration-ms="1398" status="PASS">
          <reporter-output>
          </reporter-output>
        </test-method> <!-- missing_loginDetails -->
        <test-method signature="missingEmail()[pri:6, instance:com.End2End.Test_Regression.LoginPage@b4711e2]" started-at="2022-12-23T14:42:56 IST" name="missingEmail" finished-at="2022-12-23T14:42:57 IST" duration-ms="998" status="PASS">
          <reporter-output>
          </reporter-output>
        </test-method> <!-- missingEmail -->
        <test-method signature="missingpassword()[pri:7, instance:com.End2End.Test_Regression.LoginPage@b4711e2]" started-at="2022-12-23T14:42:57 IST" name="missingpassword" finished-at="2022-12-23T14:42:58 IST" duration-ms="1025" status="PASS">
          <reporter-output>
          </reporter-output>
        </test-method> <!-- missingpassword -->
      </class> <!-- com.End2End.Test_Regression.LoginPage -->
    </test> <!-- login -->
  </suite> <!-- Suite -->
</testng-results>
