<?xml version="1.0" encoding="UTF-8"?>
<!-- Generated by org.testng.reporters.JUnitXMLReporter -->
<testsuite ignored="0" hostname="DESKTOP-ITSQRSV" failures="0" tests="3" name="login" time="3.519" errors="0" timestamp="2022-12-23T14:42:58 IST">
  <testcase classname="com.End2End.Test_Regression.LoginPage" name="missing_loginDetails" time="1.398"/>
  <testcase classname="com.End2End.Test_Regression.LoginPage" name="missingEmail" time="0.998"/>
  <testcase classname="com.End2End.Test_Regression.LoginPage" name="missingpassword" time="1.025"/>
</testsuite> <!-- login -->
